D:\LABS\3 курс\2 семестр\MPI\TASK1\DEBUG\TASK1.EXE
D:\LABS\3 КУРС\2 СЕМЕСТР\MPI\TASK1\DEBUG\TASK1.PDB
D:\Labs\3 курс\2 семестр\MPI\task1\task1\Debug\cl.command.1.tlog
D:\Labs\3 курс\2 семестр\MPI\task1\task1\Debug\CL.read.1.tlog
D:\Labs\3 курс\2 семестр\MPI\task1\task1\Debug\CL.write.1.tlog
D:\Labs\3 курс\2 семестр\MPI\task1\task1\Debug\link.command.1.tlog
D:\Labs\3 курс\2 семестр\MPI\task1\task1\Debug\link.read.1.tlog
D:\Labs\3 курс\2 семестр\MPI\task1\task1\Debug\link.write.1.tlog
D:\Labs\3 курс\2 семестр\MPI\task1\task1\Debug\mt.command.1.tlog
D:\Labs\3 курс\2 семестр\MPI\task1\task1\Debug\mt.read.1.tlog
D:\Labs\3 курс\2 семестр\MPI\task1\task1\Debug\mt.write.1.tlog
D:\Labs\3 курс\2 семестр\MPI\task1\task1\Debug\rc.command.1.tlog
D:\Labs\3 курс\2 семестр\MPI\task1\task1\Debug\rc.read.1.tlog
D:\Labs\3 курс\2 семестр\MPI\task1\task1\Debug\rc.write.1.tlog
D:\LABS\3 курс\2 семестр\MPI\TASK1\TASK1\DEBUG\STDAFX.OBJ
D:\Labs\3 курс\2 семестр\MPI\task1\task1\Debug\task1.exe.embed.manifest
D:\LABS\3 курс\2 семестр\MPI\TASK1\TASK1\DEBUG\TASK1.EXE.EMBED.MANIFEST.RES
D:\LABS\3 курс\2 семестр\MPI\TASK1\TASK1\DEBUG\TASK1.EXE.INTERMEDIATE.MANIFEST
D:\LABS\3 курс\2 семестр\MPI\TASK1\TASK1\DEBUG\TASK1.OBJ
D:\Labs\3 курс\2 семестр\MPI\task1\task1\Debug\task1.vcxprojResolveAssemblyReference.cache
D:\Labs\3 курс\2 семестр\MPI\task1\task1\Debug\task1.write.1.tlog
D:\Labs\3 курс\2 семестр\MPI\task1\task1\Debug\task1_manifest.rc
D:\Labs\3 курс\2 семестр\MPI\task1\task1\Debug\vc100.idb
D:\LABS\3 КУРС\2 СЕМЕСТР\MPI\TASK1\TASK1\DEBUG\VC100.PDB
