Build started 23.03.2015 13:39:51.
     1>Project "D:\Labs\3-course\2-semester\MPI\task2\task2\task1.vcxproj" on node 2 (build target(s)).
     1>InitializeBuildStatus:
         Creating "Debug\task2.unsuccessfulbuild" because "AlwaysCreate" was specified.
       ClCompile:
         C:\Program Files (x86)\Microsoft Visual Studio 10.0\VC\bin\CL.exe /c /ZI /nologo /W3 /WX- /Od /Oy- /D WIN32 /D _DEBUG /D _CONSOLE /D _UNICODE /D UNICODE /Gm /EHsc /RTC1 /MDd /GS /fp:precise /Zc:wchar_t /Zc:forScope /openmp /Fo"Debug\\" /Fd"Debug\vc100.pdb" /Gd /TP /analyze- /errorReport:prompt task2.cpp
         task2.cpp
       Link:
         C:\Program Files (x86)\Microsoft Visual Studio 10.0\VC\bin\link.exe /ERRORREPORT:PROMPT /OUT:"D:\Labs\3-course\2-semester\MPI\task2\task2\Debug\task2.exe" /INCREMENTAL:NO /NOLOGO msmpi.lib kernel32.lib user32.lib gdi32.lib winspool.lib comdlg32.lib advapi32.lib shell32.lib ole32.lib oleaut32.lib uuid.lib odbc32.lib odbccp32.lib /MANIFEST /ManifestFile:"Debug\task2.exe.intermediate.manifest" /MANIFESTUAC:"level='asInvoker' uiAccess='false'" /DEBUG /PDB:"D:\Labs\3-course\2-semester\MPI\task2\task2\Debug\task2.pdb" /SUBSYSTEM:CONSOLE /TLBID:1 /DYNAMICBASE /NXCOMPAT /IMPLIB:"D:\Labs\3-course\2-semester\MPI\task2\task2\Debug\task2.lib" /MACHINE:X86 Debug\stdafx.obj
         Debug\task2.obj
     1>stdafx.obj : warning LNK4075: ignoring '/EDITANDCONTINUE' due to '/INCREMENTAL:NO' specification
         task1.vcxproj -> D:\Labs\3-course\2-semester\MPI\task2\task2\Debug\task2.exe
       Manifest:
         C:\Program Files (x86)\Microsoft SDKs\Windows\v7.0A\bin\mt.exe /nologo /verbose /outputresource:"D:\Labs\3-course\2-semester\MPI\task2\task2\Debug\task2.exe;#1" /manifest Debug\task2.exe.intermediate.manifest
       FinalizeBuildStatus:
         Deleting file "Debug\task2.unsuccessfulbuild".
         Touching "Debug\task2.lastbuildstate".
     1>Done Building Project "D:\Labs\3-course\2-semester\MPI\task2\task2\task1.vcxproj" (build target(s)).

Build succeeded.

Time Elapsed 00:00:01.66
