D:\LABS\3-COURSE\2-SEMESTER\MPI\TASK3\DEBUG\TASK3.EXE
D:\LABS\3-COURSE\2-SEMESTER\MPI\TASK3\DEBUG\TASK3.PDB
D:\Labs\3-course\2-semester\MPI\task3\task3\Debug\cl.command.1.tlog
D:\Labs\3-course\2-semester\MPI\task3\task3\Debug\CL.read.1.tlog
D:\Labs\3-course\2-semester\MPI\task3\task3\Debug\CL.write.1.tlog
D:\Labs\3-course\2-semester\MPI\task3\task3\Debug\link.command.1.tlog
D:\Labs\3-course\2-semester\MPI\task3\task3\Debug\link.read.1.tlog
D:\Labs\3-course\2-semester\MPI\task3\task3\Debug\link.write.1.tlog
D:\Labs\3-course\2-semester\MPI\task3\task3\Debug\mt.command.1.tlog
D:\Labs\3-course\2-semester\MPI\task3\task3\Debug\mt.read.1.tlog
D:\Labs\3-course\2-semester\MPI\task3\task3\Debug\mt.write.1.tlog
D:\Labs\3-course\2-semester\MPI\task3\task3\Debug\rc.command.1.tlog
D:\Labs\3-course\2-semester\MPI\task3\task3\Debug\rc.read.1.tlog
D:\Labs\3-course\2-semester\MPI\task3\task3\Debug\rc.write.1.tlog
D:\LABS\3-COURSE\2-SEMESTER\MPI\TASK3\TASK3\DEBUG\STDAFX.OBJ
D:\Labs\3-course\2-semester\MPI\task3\task3\Debug\task3.exe.embed.manifest
D:\LABS\3-COURSE\2-SEMESTER\MPI\TASK3\TASK3\DEBUG\TASK3.EXE.EMBED.MANIFEST.RES
D:\LABS\3-COURSE\2-SEMESTER\MPI\TASK3\TASK3\DEBUG\TASK3.EXE.INTERMEDIATE.MANIFEST
D:\LABS\3-COURSE\2-SEMESTER\MPI\TASK3\TASK3\DEBUG\TASK3.OBJ
D:\Labs\3-course\2-semester\MPI\task3\task3\Debug\task3.vcxprojResolveAssemblyReference.cache
D:\Labs\3-course\2-semester\MPI\task3\task3\Debug\task3.write.1.tlog
D:\Labs\3-course\2-semester\MPI\task3\task3\Debug\task3_manifest.rc
D:\Labs\3-course\2-semester\MPI\task3\task3\Debug\vc100.idb
D:\LABS\3-COURSE\2-SEMESTER\MPI\TASK3\TASK3\DEBUG\VC100.PDB
