D:\LABS\3-COURSE\2-SEMESTER\MPI\TASK3\DEBUG\TASK3.EXE
D:\LABS\3-COURSE\2-SEMESTER\MPI\TASK3\DEBUG\TASK3.PDB
D:\LABS\3-COURSE\2-SEMESTER\MPI\TASK3\TASK3\DEBUG\STDAFX.OBJ
D:\LABS\3-COURSE\2-SEMESTER\MPI\TASK3\TASK3\DEBUG\TASK3.EXE.INTERMEDIATE.MANIFEST
D:\LABS\3-COURSE\2-SEMESTER\MPI\TASK3\TASK3\DEBUG\TASK3.OBJ
D:\LABS\3-COURSE\2-SEMESTER\MPI\TASK3\TASK3\DEBUG\VC100.PDB
D:\LABS\3-COURSE\2-SEMESTER\MPI\TASK4\DEBUG\TASK4.EXE
D:\LABS\3-COURSE\2-SEMESTER\MPI\TASK4\DEBUG\TASK4.PDB
D:\Labs\3-course\2-semester\MPI\task4\task4\Debug\cl.command.1.tlog
D:\Labs\3-course\2-semester\MPI\task4\task4\Debug\CL.read.1.tlog
D:\Labs\3-course\2-semester\MPI\task4\task4\Debug\CL.write.1.tlog
D:\Labs\3-course\2-semester\MPI\task4\task4\Debug\link.command.1.tlog
D:\Labs\3-course\2-semester\MPI\task4\task4\Debug\link.read.1.tlog
D:\Labs\3-course\2-semester\MPI\task4\task4\Debug\link.write.1.tlog
D:\Labs\3-course\2-semester\MPI\task4\task4\Debug\mt.command.1.tlog
D:\Labs\3-course\2-semester\MPI\task4\task4\Debug\mt.read.1.tlog
D:\Labs\3-course\2-semester\MPI\task4\task4\Debug\mt.write.1.tlog
D:\LABS\3-COURSE\2-SEMESTER\MPI\TASK4\TASK4\DEBUG\STDAFX.OBJ
D:\Labs\3-course\2-semester\MPI\task4\task4\Debug\task3.exe.intermediate.manifest
D:\Labs\3-course\2-semester\MPI\task4\task4\Debug\task3.obj
D:\Labs\3-course\2-semester\MPI\task4\task4\Debug\task3.write.1.tlog
D:\LABS\3-COURSE\2-SEMESTER\MPI\TASK4\TASK4\DEBUG\TASK4.EXE.INTERMEDIATE.MANIFEST
D:\LABS\3-COURSE\2-SEMESTER\MPI\TASK4\TASK4\DEBUG\TASK4.OBJ
D:\Labs\3-course\2-semester\MPI\task4\task4\Debug\task4.vcxprojResolveAssemblyReference.cache
D:\Labs\3-course\2-semester\MPI\task4\task4\Debug\task4.write.1.tlog
D:\Labs\3-course\2-semester\MPI\task4\task4\Debug\vc100.idb
D:\LABS\3-COURSE\2-SEMESTER\MPI\TASK4\TASK4\DEBUG\VC100.PDB
