Build started 13.04.2015 11:57:27.
     1>Project "D:\Labs\3-course\2-semester\MPI\task4\task4\task4.vcxproj" on node 2 (rebuild target(s)).
     1>_PrepareForClean:
         Deleting file "Debug\task4.lastbuildstate".
       InitializeBuildStatus:
         Creating "Debug\task4.unsuccessfulbuild" because "AlwaysCreate" was specified.
       ClCompile:
         C:\Program Files (x86)\Microsoft Visual Studio 10.0\VC\bin\CL.exe /c /ZI /nologo /W3 /WX- /Od /Oy- /D WIN32 /D _DEBUG /D _CONSOLE /D _UNICODE /D UNICODE /Gm /EHsc /RTC1 /MDd /GS /fp:precise /Zc:wchar_t /Zc:forScope /openmp /Fo"Debug\\" /Fd"Debug\vc100.pdb" /Gd /TP /analyze- /errorReport:prompt stdafx.cpp task4.cpp
         task4.cpp
         stdafx.cpp
         Generating Code...
       Link:
         C:\Program Files (x86)\Microsoft Visual Studio 10.0\VC\bin\link.exe /ERRORREPORT:PROMPT /OUT:"D:\Labs\3-course\2-semester\MPI\task4\Debug\task4.exe" /INCREMENTAL:NO /NOLOGO mpich.lib kernel32.lib user32.lib gdi32.lib winspool.lib comdlg32.lib advapi32.lib shell32.lib ole32.lib oleaut32.lib uuid.lib odbc32.lib odbccp32.lib /MANIFEST /ManifestFile:"Debug\task4.exe.intermediate.manifest" /MANIFESTUAC:"level='asInvoker' uiAccess='false'" /DEBUG /PDB:"D:\Labs\3-course\2-semester\MPI\task4\Debug\task4.pdb" /SUBSYSTEM:CONSOLE /TLBID:1 /DYNAMICBASE /NXCOMPAT /IMPLIB:"D:\Labs\3-course\2-semester\MPI\task4\Debug\task4.lib" /MACHINE:X86 Debug\stdafx.obj
         Debug\task4.obj
     1>stdafx.obj : warning LNK4075: ignoring '/EDITANDCONTINUE' due to '/INCREMENTAL:NO' specification
         task4.vcxproj -> D:\Labs\3-course\2-semester\MPI\task4\Debug\task4.exe
       Manifest:
         C:\Program Files (x86)\Microsoft SDKs\Windows\v7.0A\bin\mt.exe /nologo /verbose /outputresource:"D:\Labs\3-course\2-semester\MPI\task4\Debug\task4.exe;#1" /manifest Debug\task4.exe.intermediate.manifest
       FinalizeBuildStatus:
         Deleting file "Debug\task4.unsuccessfulbuild".
         Touching "Debug\task4.lastbuildstate".
     1>Done Building Project "D:\Labs\3-course\2-semester\MPI\task4\task4\task4.vcxproj" (rebuild target(s)).

Build succeeded.

Time Elapsed 00:00:01.73
